<?xml version="1.0" encoding="UTF-8"?>
<!-- Generated by org.testng.reporters.JUnitReportReporter -->
<testsuite hostname="EPPLWROW02C2" failures="0" tests="1" name="com.it_academy.test.ContactUsPageTest" time="0.194" errors="0" timestamp="2023-04-13T20:55:42 MSK" skipped="0">
  <testcase classname="com.it_academy.test.ContactUsPageTest" name="testContactUsBrowserTitle" time="0.194"/>
  <system-out/>
</testsuite> <!-- com.it_academy.test.ContactUsPageTest -->
