<?xml version="1.0" encoding="UTF-8"?>
<!-- Generated by org.testng.reporters.JUnitReportReporter -->
<testsuite hostname="EPPLWROW02C2" failures="0" tests="1" name="com.it_academy.test.onliner.ProductPagesTest" time="23.431" errors="0" timestamp="2023-04-17T21:05:21 MSK" skipped="0">
  <testcase classname="com.it_academy.test.onliner.ProductPagesTest" name="testSetGouLocation" time="23.431"/>
  <system-out/>
</testsuite> <!-- com.it_academy.test.onliner.ProductPagesTest -->
