<?xml version="1.0" encoding="UTF-8"?>
<!-- Generated by org.testng.reporters.JUnitReportReporter -->
<testsuite hostname="EPPLWROW02C2" failures="0" tests="1" name="com.it_academy.test.OnlinerTest" time="0.000" errors="0" timestamp="2023-04-13T20:55:42 MSK" skipped="0">
  <testcase classname="com.it_academy.test.OnlinerTest" name="testOnlinerBrowserTitle" time="0.000"/>
  <system-out/>
</testsuite> <!-- com.it_academy.test.OnlinerTest -->
